<?xml version="1.0" encoding="UTF-8"?>
<!-- Generated by org.testng.reporters.JUnitXMLReporter -->
<testsuite hostname="LAPTOP-O63BD39D" ignored="1" name="PageObject" tests="1" failures="0" timestamp="29 May 2020 12:52:56 GMT" time="20.658" errors="0">
  <testcase name="loginTest" time="20.477" classname="TestCases.LoginTest"/>
  <testcase name="@AfterSuite tearDown" time="0.0" classname="TestCases.BaseTest">
    <ignored/>
  </testcase> <!-- @AfterSuite tearDown -->
</testsuite> <!-- PageObject -->
