<?xml version="1.0" encoding="UTF-8"?>
<testng-results skipped="0" failed="0" ignored="1" total="2" passed="1">
  <reporter-output>
  </reporter-output>
  <suite name="PageObjectModel" duration-ms="20658" started-at="2020-05-29T12:52:32Z" finished-at="2020-05-29T12:52:53Z">
    <groups>
    </groups>
    <test name="PageObject" duration-ms="20658" started-at="2020-05-29T12:52:32Z" finished-at="2020-05-29T12:52:53Z">
      <class name="TestCases.LoginTest">
        <test-method status="PASS" signature="loginTest()[pri:0, instance:TestCases.LoginTest@51acdf2e]" name="loginTest" duration-ms="20477" started-at="2020-05-29T12:52:32Z" finished-at="2020-05-29T12:52:53Z">
          <reporter-output>
          </reporter-output>
        </test-method> <!-- loginTest -->
        <test-method status="PASS" signature="tearDown()[pri:0, instance:TestCases.LoginTest@51acdf2e]" name="tearDown" is-config="true" duration-ms="1107" started-at="2020-05-29T12:52:57Z" finished-at="2020-05-29T12:52:58Z">
          <reporter-output>
          </reporter-output>
        </test-method> <!-- tearDown -->
      </class> <!-- TestCases.LoginTest -->
    </test> <!-- PageObject -->
  </suite> <!-- PageObjectModel -->
</testng-results>
